events.js:160
      throw er; // Unhandled 'error' event
      ^

Error: listen EADDRINUSE :::8088
    at Object.exports._errnoException (util.js:1007:11)
    at exports._exceptionWithHostPort (util.js:1030:20)
    at Server._listen2 (net.js:1253:14)
    at listen (net.js:1289:10)
    at Server.listen (net.js:1385:5)
    at EventEmitter.listen (/var/www/html/Tebse/tebse-nodeapi/node_modules/express/lib/application.js:617:24)
    at Object.<anonymous> (/var/www/html/Tebse/tebse-nodeapi/entry.js:85:5)
    at Module._compile (module.js:541:32)
    at Object.Module._extensions..js (module.js:550:10)
    at Module.load (module.js:458:32)
/var/www/html/Tebse/tebse-nodeapi/node_modules/mongodb/lib/utils.js:98
    process.nextTick(function() { throw err; });
                                  ^

TypeError: Cannot read property 'City' of null
    at /var/www/html/Tebse/tebse-nodeapi/controllers/manager.js:49:70
    at handleCallback (/var/www/html/Tebse/tebse-nodeapi/node_modules/mongodb/lib/utils.js:96:12)
    at /var/www/html/Tebse/tebse-nodeapi/node_modules/mongodb/lib/collection.js:1392:5
    at handleCallback (/var/www/html/Tebse/tebse-nodeapi/node_modules/mongodb/lib/utils.js:96:12)
    at /var/www/html/Tebse/tebse-nodeapi/node_modules/mongodb/lib/cursor.js:676:5
    at handleCallback (/var/www/html/Tebse/tebse-nodeapi/node_modules/mongodb-core/lib/cursor.js:156:5)
    at setCursorNotified (/var/www/html/Tebse/tebse-nodeapi/node_modules/mongodb-core/lib/cursor.js:506:3)
    at /var/www/html/Tebse/tebse-nodeapi/node_modules/mongodb-core/lib/cursor.js:579:16
    at Object.queryCallback [as cb] (/var/www/html/Tebse/tebse-nodeapi/node_modules/mongodb-core/lib/cursor.js:238:5)
    at /var/www/html/Tebse/tebse-nodeapi/node_modules/mongodb-core/lib/connection/pool.js:446:18
/var/www/html/Tebse/tebse-nodeapi/node_modules/mongodb/lib/utils.js:98
    process.nextTick(function() { throw err; });
                                  ^

TypeError: Cannot read property '_id' of null
    at /var/www/html/Tebse/tebse-nodeapi/controllers/customer.js:144:63
    at handleCallback (/var/www/html/Tebse/tebse-nodeapi/node_modules/mongodb/lib/utils.js:96:12)
    at /var/www/html/Tebse/tebse-nodeapi/node_modules/mongodb/lib/collection.js:1392:5
    at handleCallback (/var/www/html/Tebse/tebse-nodeapi/node_modules/mongodb/lib/utils.js:96:12)
    at /var/www/html/Tebse/tebse-nodeapi/node_modules/mongodb/lib/cursor.js:676:5
    at handleCallback (/var/www/html/Tebse/tebse-nodeapi/node_modules/mongodb-core/lib/cursor.js:156:5)
    at setCursorNotified (/var/www/html/Tebse/tebse-nodeapi/node_modules/mongodb-core/lib/cursor.js:506:3)
    at /var/www/html/Tebse/tebse-nodeapi/node_modules/mongodb-core/lib/cursor.js:579:16
    at Object.queryCallback [as cb] (/var/www/html/Tebse/tebse-nodeapi/node_modules/mongodb-core/lib/cursor.js:238:5)
    at /var/www/html/Tebse/tebse-nodeapi/node_modules/mongodb-core/lib/connection/pool.js:446:18
/var/www/html/Tebse/tebse-nodeapi/node_modules/mongodb/lib/utils.js:98
    process.nextTick(function() { throw err; });
                                  ^

TypeError: Cannot read property '_id' of null
    at /var/www/html/Tebse/tebse-nodeapi/controllers/customer.js:144:63
    at handleCallback (/var/www/html/Tebse/tebse-nodeapi/node_modules/mongodb/lib/utils.js:96:12)
    at /var/www/html/Tebse/tebse-nodeapi/node_modules/mongodb/lib/collection.js:1392:5
    at handleCallback (/var/www/html/Tebse/tebse-nodeapi/node_modules/mongodb/lib/utils.js:96:12)
    at /var/www/html/Tebse/tebse-nodeapi/node_modules/mongodb/lib/cursor.js:676:5
    at handleCallback (/var/www/html/Tebse/tebse-nodeapi/node_modules/mongodb-core/lib/cursor.js:156:5)
    at setCursorNotified (/var/www/html/Tebse/tebse-nodeapi/node_modules/mongodb-core/lib/cursor.js:506:3)
    at /var/www/html/Tebse/tebse-nodeapi/node_modules/mongodb-core/lib/cursor.js:579:16
    at Object.queryCallback [as cb] (/var/www/html/Tebse/tebse-nodeapi/node_modules/mongodb-core/lib/cursor.js:238:5)
    at /var/www/html/Tebse/tebse-nodeapi/node_modules/mongodb-core/lib/connection/pool.js:446:18
/var/www/html/Tebse/tebse-nodeapi/node_modules/mongodb/lib/utils.js:98
    process.nextTick(function() { throw err; });
                                  ^

Error: Argument passed in must be a single String of 12 bytes or a string of 24 hex characters
    at new ObjectID (/var/www/html/Tebse/tebse-nodeapi/node_modules/bson/lib/bson/objectid.js:34:11)
    at /var/www/html/Tebse/tebse-nodeapi/controllers/order.js:172:39
    at /var/www/html/Tebse/tebse-nodeapi/node_modules/mongodb/lib/collection.js:511:5
    at /var/www/html/Tebse/tebse-nodeapi/node_modules/mongodb/lib/collection.js:694:5
    at handleCallback (/var/www/html/Tebse/tebse-nodeapi/node_modules/mongodb/lib/utils.js:96:12)
    at executeCommands (/var/www/html/Tebse/tebse-nodeapi/node_modules/mongodb/lib/bulk/ordered.js:405:12)
    at Object.resultHandler [as cb] (/var/www/html/Tebse/tebse-nodeapi/node_modules/mongodb/lib/bulk/ordered.js:433:5)
    at /var/www/html/Tebse/tebse-nodeapi/node_modules/mongodb-core/lib/connection/pool.js:446:18
    at authenticateStragglers (/var/www/html/Tebse/tebse-nodeapi/node_modules/mongodb-core/lib/connection/pool.js:402:16)
    at .messageHandler (/var/www/html/Tebse/tebse-nodeapi/node_modules/mongodb-core/lib/connection/pool.js:424:5)
/var/www/html/Tebse/tebse-nodeapi/node_modules/mongodb/lib/utils.js:98
    process.nextTick(function() { throw err; });
                                  ^

Error: Argument passed in must be a single String of 12 bytes or a string of 24 hex characters
    at new ObjectID (/var/www/html/Tebse/tebse-nodeapi/node_modules/bson/lib/bson/objectid.js:34:11)
    at /var/www/html/Tebse/tebse-nodeapi/controllers/order.js:172:39
    at /var/www/html/Tebse/tebse-nodeapi/node_modules/mongodb/lib/collection.js:511:5
    at /var/www/html/Tebse/tebse-nodeapi/node_modules/mongodb/lib/collection.js:694:5
    at handleCallback (/var/www/html/Tebse/tebse-nodeapi/node_modules/mongodb/lib/utils.js:96:12)
    at executeCommands (/var/www/html/Tebse/tebse-nodeapi/node_modules/mongodb/lib/bulk/ordered.js:405:12)
    at Object.resultHandler [as cb] (/var/www/html/Tebse/tebse-nodeapi/node_modules/mongodb/lib/bulk/ordered.js:433:5)
    at /var/www/html/Tebse/tebse-nodeapi/node_modules/mongodb-core/lib/connection/pool.js:446:18
    at authenticateStragglers (/var/www/html/Tebse/tebse-nodeapi/node_modules/mongodb-core/lib/connection/pool.js:402:16)
    at .messageHandler (/var/www/html/Tebse/tebse-nodeapi/node_modules/mongodb-core/lib/connection/pool.js:424:5)
/var/www/html/Tebse/tebse-nodeapi/node_modules/mongodb/lib/utils.js:98
    process.nextTick(function() { throw err; });
                                  ^

Error: Argument passed in must be a single String of 12 bytes or a string of 24 hex characters
    at new ObjectID (/var/www/html/Tebse/tebse-nodeapi/node_modules/bson/lib/bson/objectid.js:34:11)
    at /var/www/html/Tebse/tebse-nodeapi/controllers/order.js:172:39
    at /var/www/html/Tebse/tebse-nodeapi/node_modules/mongodb/lib/collection.js:511:5
    at /var/www/html/Tebse/tebse-nodeapi/node_modules/mongodb/lib/collection.js:694:5
    at handleCallback (/var/www/html/Tebse/tebse-nodeapi/node_modules/mongodb/lib/utils.js:96:12)
    at executeCommands (/var/www/html/Tebse/tebse-nodeapi/node_modules/mongodb/lib/bulk/ordered.js:405:12)
    at Object.resultHandler [as cb] (/var/www/html/Tebse/tebse-nodeapi/node_modules/mongodb/lib/bulk/ordered.js:433:5)
    at /var/www/html/Tebse/tebse-nodeapi/node_modules/mongodb-core/lib/connection/pool.js:446:18
    at authenticateStragglers (/var/www/html/Tebse/tebse-nodeapi/node_modules/mongodb-core/lib/connection/pool.js:402:16)
    at .messageHandler (/var/www/html/Tebse/tebse-nodeapi/node_modules/mongodb-core/lib/connection/pool.js:424:5)
/var/www/html/Tebse/tebse-nodeapi/node_modules/mongodb/lib/utils.js:98
    process.nextTick(function() { throw err; });
                                  ^

Error: Argument passed in must be a single String of 12 bytes or a string of 24 hex characters
    at new ObjectID (/var/www/html/Tebse/tebse-nodeapi/node_modules/bson/lib/bson/objectid.js:34:11)
    at /var/www/html/Tebse/tebse-nodeapi/controllers/order.js:172:39
    at /var/www/html/Tebse/tebse-nodeapi/node_modules/mongodb/lib/collection.js:511:5
    at /var/www/html/Tebse/tebse-nodeapi/node_modules/mongodb/lib/collection.js:694:5
    at handleCallback (/var/www/html/Tebse/tebse-nodeapi/node_modules/mongodb/lib/utils.js:96:12)
    at executeCommands (/var/www/html/Tebse/tebse-nodeapi/node_modules/mongodb/lib/bulk/ordered.js:405:12)
    at Object.resultHandler [as cb] (/var/www/html/Tebse/tebse-nodeapi/node_modules/mongodb/lib/bulk/ordered.js:433:5)
    at /var/www/html/Tebse/tebse-nodeapi/node_modules/mongodb-core/lib/connection/pool.js:446:18
    at authenticateStragglers (/var/www/html/Tebse/tebse-nodeapi/node_modules/mongodb-core/lib/connection/pool.js:402:16)
    at .messageHandler (/var/www/html/Tebse/tebse-nodeapi/node_modules/mongodb-core/lib/connection/pool.js:424:5)
events.js:160
      throw er; // Unhandled 'error' event
      ^

Error: Connection lost: The server closed the connection.
    at Protocol.end (/var/www/html/Tebse/tebse-nodeapi/node_modules/mysql/lib/protocol/Protocol.js:109:13)
    at Socket.<anonymous> (/var/www/html/Tebse/tebse-nodeapi/node_modules/mysql/lib/Connection.js:115:28)
    at emitNone (events.js:91:20)
    at Socket.emit (events.js:185:7)
    at endReadableNT (_stream_readable.js:934:12)
    at _combinedTickCallback (internal/process/next_tick.js:74:11)
    at process._tickCallback (internal/process/next_tick.js:98:9)
events.js:160
      throw er; // Unhandled 'error' event
      ^

Error: Connection lost: The server closed the connection.
    at Protocol.end (/var/www/html/Tebse/tebse-nodeapi/node_modules/mysql/lib/protocol/Protocol.js:109:13)
    at Socket.<anonymous> (/var/www/html/Tebse/tebse-nodeapi/node_modules/mysql/lib/Connection.js:115:28)
    at emitNone (events.js:91:20)
    at Socket.emit (events.js:185:7)
    at endReadableNT (_stream_readable.js:934:12)
    at _combinedTickCallback (internal/process/next_tick.js:74:11)
    at process._tickCallback (internal/process/next_tick.js:98:9)
/var/www/html/Tebse/tebse-nodeapi/node_modules/mongodb/lib/utils.js:98
    process.nextTick(function() { throw err; });
                                  ^

Error: Argument passed in must be a single String of 12 bytes or a string of 24 hex characters
    at new ObjectID (/var/www/html/Tebse/tebse-nodeapi/node_modules/bson/lib/bson/objectid.js:34:11)
    at /var/www/html/Tebse/tebse-nodeapi/controllers/order.js:172:39
    at /var/www/html/Tebse/tebse-nodeapi/node_modules/mongodb/lib/collection.js:511:5
    at /var/www/html/Tebse/tebse-nodeapi/node_modules/mongodb/lib/collection.js:694:5
    at handleCallback (/var/www/html/Tebse/tebse-nodeapi/node_modules/mongodb/lib/utils.js:96:12)
    at executeCommands (/var/www/html/Tebse/tebse-nodeapi/node_modules/mongodb/lib/bulk/ordered.js:405:12)
    at Object.resultHandler [as cb] (/var/www/html/Tebse/tebse-nodeapi/node_modules/mongodb/lib/bulk/ordered.js:433:5)
    at /var/www/html/Tebse/tebse-nodeapi/node_modules/mongodb-core/lib/connection/pool.js:446:18
    at authenticateStragglers (/var/www/html/Tebse/tebse-nodeapi/node_modules/mongodb-core/lib/connection/pool.js:402:16)
    at .messageHandler (/var/www/html/Tebse/tebse-nodeapi/node_modules/mongodb-core/lib/connection/pool.js:424:5)
/var/www/html/Tebse/tebse-nodeapi/node_modules/mongodb/lib/utils.js:98
    process.nextTick(function() { throw err; });
                                  ^

Error: Argument passed in must be a single String of 12 bytes or a string of 24 hex characters
    at new ObjectID (/var/www/html/Tebse/tebse-nodeapi/node_modules/bson/lib/bson/objectid.js:34:11)
    at /var/www/html/Tebse/tebse-nodeapi/controllers/order.js:172:39
    at /var/www/html/Tebse/tebse-nodeapi/node_modules/mongodb/lib/collection.js:511:5
    at /var/www/html/Tebse/tebse-nodeapi/node_modules/mongodb/lib/collection.js:694:5
    at handleCallback (/var/www/html/Tebse/tebse-nodeapi/node_modules/mongodb/lib/utils.js:96:12)
    at executeCommands (/var/www/html/Tebse/tebse-nodeapi/node_modules/mongodb/lib/bulk/ordered.js:405:12)
    at Object.resultHandler [as cb] (/var/www/html/Tebse/tebse-nodeapi/node_modules/mongodb/lib/bulk/ordered.js:433:5)
    at /var/www/html/Tebse/tebse-nodeapi/node_modules/mongodb-core/lib/connection/pool.js:446:18
    at authenticateStragglers (/var/www/html/Tebse/tebse-nodeapi/node_modules/mongodb-core/lib/connection/pool.js:402:16)
    at .messageHandler (/var/www/html/Tebse/tebse-nodeapi/node_modules/mongodb-core/lib/connection/pool.js:424:5)
/var/www/html/Tebse/tebse-nodeapi/node_modules/mongodb/lib/utils.js:98
    process.nextTick(function() { throw err; });
                                  ^

Error: Argument passed in must be a single String of 12 bytes or a string of 24 hex characters
    at new ObjectID (/var/www/html/Tebse/tebse-nodeapi/node_modules/bson/lib/bson/objectid.js:34:11)
    at /var/www/html/Tebse/tebse-nodeapi/controllers/order.js:172:39
    at /var/www/html/Tebse/tebse-nodeapi/node_modules/mongodb/lib/collection.js:511:5
    at /var/www/html/Tebse/tebse-nodeapi/node_modules/mongodb/lib/collection.js:694:5
    at handleCallback (/var/www/html/Tebse/tebse-nodeapi/node_modules/mongodb/lib/utils.js:96:12)
    at executeCommands (/var/www/html/Tebse/tebse-nodeapi/node_modules/mongodb/lib/bulk/ordered.js:405:12)
    at Object.resultHandler [as cb] (/var/www/html/Tebse/tebse-nodeapi/node_modules/mongodb/lib/bulk/ordered.js:433:5)
    at /var/www/html/Tebse/tebse-nodeapi/node_modules/mongodb-core/lib/connection/pool.js:446:18
    at authenticateStragglers (/var/www/html/Tebse/tebse-nodeapi/node_modules/mongodb-core/lib/connection/pool.js:402:16)
    at .messageHandler (/var/www/html/Tebse/tebse-nodeapi/node_modules/mongodb-core/lib/connection/pool.js:424:5)
/var/www/html/Tebse/tebse-nodeapi/node_modules/mongodb/lib/utils.js:98
    process.nextTick(function() { throw err; });
                                  ^

Error: Argument passed in must be a single String of 12 bytes or a string of 24 hex characters
    at new ObjectID (/var/www/html/Tebse/tebse-nodeapi/node_modules/bson/lib/bson/objectid.js:34:11)
    at /var/www/html/Tebse/tebse-nodeapi/controllers/order.js:172:39
    at /var/www/html/Tebse/tebse-nodeapi/node_modules/mongodb/lib/collection.js:511:5
    at /var/www/html/Tebse/tebse-nodeapi/node_modules/mongodb/lib/collection.js:694:5
    at handleCallback (/var/www/html/Tebse/tebse-nodeapi/node_modules/mongodb/lib/utils.js:96:12)
    at executeCommands (/var/www/html/Tebse/tebse-nodeapi/node_modules/mongodb/lib/bulk/ordered.js:405:12)
    at Object.resultHandler [as cb] (/var/www/html/Tebse/tebse-nodeapi/node_modules/mongodb/lib/bulk/ordered.js:433:5)
    at /var/www/html/Tebse/tebse-nodeapi/node_modules/mongodb-core/lib/connection/pool.js:446:18
    at authenticateStragglers (/var/www/html/Tebse/tebse-nodeapi/node_modules/mongodb-core/lib/connection/pool.js:402:16)
    at .messageHandler (/var/www/html/Tebse/tebse-nodeapi/node_modules/mongodb-core/lib/connection/pool.js:424:5)
/var/www/html/Tebse/tebse-nodeapi/node_modules/mongodb/lib/utils.js:98
    process.nextTick(function() { throw err; });
                                  ^

Error: Argument passed in must be a single String of 12 bytes or a string of 24 hex characters
    at new ObjectID (/var/www/html/Tebse/tebse-nodeapi/node_modules/bson/lib/bson/objectid.js:34:11)
    at /var/www/html/Tebse/tebse-nodeapi/controllers/order.js:172:39
    at /var/www/html/Tebse/tebse-nodeapi/node_modules/mongodb/lib/collection.js:511:5
    at /var/www/html/Tebse/tebse-nodeapi/node_modules/mongodb/lib/collection.js:694:5
    at handleCallback (/var/www/html/Tebse/tebse-nodeapi/node_modules/mongodb/lib/utils.js:96:12)
    at executeCommands (/var/www/html/Tebse/tebse-nodeapi/node_modules/mongodb/lib/bulk/ordered.js:405:12)
    at Object.resultHandler [as cb] (/var/www/html/Tebse/tebse-nodeapi/node_modules/mongodb/lib/bulk/ordered.js:433:5)
    at /var/www/html/Tebse/tebse-nodeapi/node_modules/mongodb-core/lib/connection/pool.js:446:18
    at authenticateStragglers (/var/www/html/Tebse/tebse-nodeapi/node_modules/mongodb-core/lib/connection/pool.js:402:16)
    at .messageHandler (/var/www/html/Tebse/tebse-nodeapi/node_modules/mongodb-core/lib/connection/pool.js:424:5)
/var/www/html/Tebse/tebse-nodeapi/node_modules/mongodb/lib/utils.js:98
    process.nextTick(function() { throw err; });
                                  ^

Error: Argument passed in must be a single String of 12 bytes or a string of 24 hex characters
    at new ObjectID (/var/www/html/Tebse/tebse-nodeapi/node_modules/bson/lib/bson/objectid.js:34:11)
    at /var/www/html/Tebse/tebse-nodeapi/controllers/order.js:172:39
    at /var/www/html/Tebse/tebse-nodeapi/node_modules/mongodb/lib/collection.js:511:5
    at /var/www/html/Tebse/tebse-nodeapi/node_modules/mongodb/lib/collection.js:694:5
    at handleCallback (/var/www/html/Tebse/tebse-nodeapi/node_modules/mongodb/lib/utils.js:96:12)
    at executeCommands (/var/www/html/Tebse/tebse-nodeapi/node_modules/mongodb/lib/bulk/ordered.js:405:12)
    at Object.resultHandler [as cb] (/var/www/html/Tebse/tebse-nodeapi/node_modules/mongodb/lib/bulk/ordered.js:433:5)
    at /var/www/html/Tebse/tebse-nodeapi/node_modules/mongodb-core/lib/connection/pool.js:446:18
    at authenticateStragglers (/var/www/html/Tebse/tebse-nodeapi/node_modules/mongodb-core/lib/connection/pool.js:402:16)
    at .messageHandler (/var/www/html/Tebse/tebse-nodeapi/node_modules/mongodb-core/lib/connection/pool.js:424:5)
/var/www/html/Tebse/tebse-nodeapi/node_modules/mongodb/lib/utils.js:98
    process.nextTick(function() { throw err; });
                                  ^

Error: Argument passed in must be a single String of 12 bytes or a string of 24 hex characters
    at new ObjectID (/var/www/html/Tebse/tebse-nodeapi/node_modules/bson/lib/bson/objectid.js:34:11)
    at /var/www/html/Tebse/tebse-nodeapi/controllers/order.js:172:39
    at /var/www/html/Tebse/tebse-nodeapi/node_modules/mongodb/lib/collection.js:511:5
    at /var/www/html/Tebse/tebse-nodeapi/node_modules/mongodb/lib/collection.js:694:5
    at handleCallback (/var/www/html/Tebse/tebse-nodeapi/node_modules/mongodb/lib/utils.js:96:12)
    at executeCommands (/var/www/html/Tebse/tebse-nodeapi/node_modules/mongodb/lib/bulk/ordered.js:405:12)
    at Object.resultHandler [as cb] (/var/www/html/Tebse/tebse-nodeapi/node_modules/mongodb/lib/bulk/ordered.js:433:5)
    at /var/www/html/Tebse/tebse-nodeapi/node_modules/mongodb-core/lib/connection/pool.js:446:18
    at authenticateStragglers (/var/www/html/Tebse/tebse-nodeapi/node_modules/mongodb-core/lib/connection/pool.js:402:16)
    at .messageHandler (/var/www/html/Tebse/tebse-nodeapi/node_modules/mongodb-core/lib/connection/pool.js:424:5)
/var/www/html/Tebse/tebse-nodeapi/node_modules/mongodb/lib/utils.js:98
    process.nextTick(function() { throw err; });
                                  ^

Error: Argument passed in must be a single String of 12 bytes or a string of 24 hex characters
    at new ObjectID (/var/www/html/Tebse/tebse-nodeapi/node_modules/bson/lib/bson/objectid.js:34:11)
    at /var/www/html/Tebse/tebse-nodeapi/controllers/order.js:172:39
    at /var/www/html/Tebse/tebse-nodeapi/node_modules/mongodb/lib/collection.js:511:5
    at /var/www/html/Tebse/tebse-nodeapi/node_modules/mongodb/lib/collection.js:694:5
    at handleCallback (/var/www/html/Tebse/tebse-nodeapi/node_modules/mongodb/lib/utils.js:96:12)
    at executeCommands (/var/www/html/Tebse/tebse-nodeapi/node_modules/mongodb/lib/bulk/ordered.js:405:12)
    at Object.resultHandler [as cb] (/var/www/html/Tebse/tebse-nodeapi/node_modules/mongodb/lib/bulk/ordered.js:433:5)
    at /var/www/html/Tebse/tebse-nodeapi/node_modules/mongodb-core/lib/connection/pool.js:446:18
    at authenticateStragglers (/var/www/html/Tebse/tebse-nodeapi/node_modules/mongodb-core/lib/connection/pool.js:402:16)
    at .messageHandler (/var/www/html/Tebse/tebse-nodeapi/node_modules/mongodb-core/lib/connection/pool.js:424:5)
/var/www/html/Tebse/tebse-nodeapi/node_modules/mongodb/lib/utils.js:98
    process.nextTick(function() { throw err; });
                                  ^

Error: Argument passed in must be a single String of 12 bytes or a string of 24 hex characters
    at new ObjectID (/var/www/html/Tebse/tebse-nodeapi/node_modules/bson/lib/bson/objectid.js:34:11)
    at /var/www/html/Tebse/tebse-nodeapi/controllers/order.js:172:39
    at /var/www/html/Tebse/tebse-nodeapi/node_modules/mongodb/lib/collection.js:511:5
    at /var/www/html/Tebse/tebse-nodeapi/node_modules/mongodb/lib/collection.js:694:5
    at handleCallback (/var/www/html/Tebse/tebse-nodeapi/node_modules/mongodb/lib/utils.js:96:12)
    at executeCommands (/var/www/html/Tebse/tebse-nodeapi/node_modules/mongodb/lib/bulk/ordered.js:405:12)
    at Object.resultHandler [as cb] (/var/www/html/Tebse/tebse-nodeapi/node_modules/mongodb/lib/bulk/ordered.js:433:5)
    at /var/www/html/Tebse/tebse-nodeapi/node_modules/mongodb-core/lib/connection/pool.js:446:18
    at authenticateStragglers (/var/www/html/Tebse/tebse-nodeapi/node_modules/mongodb-core/lib/connection/pool.js:402:16)
    at .messageHandler (/var/www/html/Tebse/tebse-nodeapi/node_modules/mongodb-core/lib/connection/pool.js:424:5)
/var/www/html/Tebse/tebse-nodeapi/node_modules/mongodb/lib/utils.js:98
    process.nextTick(function() { throw err; });
                                  ^

Error: Argument passed in must be a single String of 12 bytes or a string of 24 hex characters
    at new ObjectID (/var/www/html/Tebse/tebse-nodeapi/node_modules/bson/lib/bson/objectid.js:34:11)
    at /var/www/html/Tebse/tebse-nodeapi/controllers/order.js:172:39
    at /var/www/html/Tebse/tebse-nodeapi/node_modules/mongodb/lib/collection.js:511:5
    at /var/www/html/Tebse/tebse-nodeapi/node_modules/mongodb/lib/collection.js:694:5
    at handleCallback (/var/www/html/Tebse/tebse-nodeapi/node_modules/mongodb/lib/utils.js:96:12)
    at executeCommands (/var/www/html/Tebse/tebse-nodeapi/node_modules/mongodb/lib/bulk/ordered.js:405:12)
    at Object.resultHandler [as cb] (/var/www/html/Tebse/tebse-nodeapi/node_modules/mongodb/lib/bulk/ordered.js:433:5)
    at /var/www/html/Tebse/tebse-nodeapi/node_modules/mongodb-core/lib/connection/pool.js:446:18
    at authenticateStragglers (/var/www/html/Tebse/tebse-nodeapi/node_modules/mongodb-core/lib/connection/pool.js:402:16)
    at .messageHandler (/var/www/html/Tebse/tebse-nodeapi/node_modules/mongodb-core/lib/connection/pool.js:424:5)
/var/www/html/Tebse/tebse-nodeapi/node_modules/mongodb/lib/utils.js:98
    process.nextTick(function() { throw err; });
                                  ^

Error: Argument passed in must be a single String of 12 bytes or a string of 24 hex characters
    at new ObjectID (/var/www/html/Tebse/tebse-nodeapi/node_modules/bson/lib/bson/objectid.js:34:11)
    at /var/www/html/Tebse/tebse-nodeapi/controllers/order.js:172:39
    at /var/www/html/Tebse/tebse-nodeapi/node_modules/mongodb/lib/collection.js:511:5
    at /var/www/html/Tebse/tebse-nodeapi/node_modules/mongodb/lib/collection.js:694:5
    at handleCallback (/var/www/html/Tebse/tebse-nodeapi/node_modules/mongodb/lib/utils.js:96:12)
    at executeCommands (/var/www/html/Tebse/tebse-nodeapi/node_modules/mongodb/lib/bulk/ordered.js:405:12)
    at Object.resultHandler [as cb] (/var/www/html/Tebse/tebse-nodeapi/node_modules/mongodb/lib/bulk/ordered.js:433:5)
    at /var/www/html/Tebse/tebse-nodeapi/node_modules/mongodb-core/lib/connection/pool.js:446:18
    at authenticateStragglers (/var/www/html/Tebse/tebse-nodeapi/node_modules/mongodb-core/lib/connection/pool.js:402:16)
    at .messageHandler (/var/www/html/Tebse/tebse-nodeapi/node_modules/mongodb-core/lib/connection/pool.js:424:5)
/var/www/html/Tebse/tebse-nodeapi/node_modules/mongodb/lib/utils.js:98
    process.nextTick(function() { throw err; });
                                  ^

Error: Argument passed in must be a single String of 12 bytes or a string of 24 hex characters
    at new ObjectID (/var/www/html/Tebse/tebse-nodeapi/node_modules/bson/lib/bson/objectid.js:34:11)
    at /var/www/html/Tebse/tebse-nodeapi/controllers/order.js:172:39
    at /var/www/html/Tebse/tebse-nodeapi/node_modules/mongodb/lib/collection.js:511:5
    at /var/www/html/Tebse/tebse-nodeapi/node_modules/mongodb/lib/collection.js:694:5
    at handleCallback (/var/www/html/Tebse/tebse-nodeapi/node_modules/mongodb/lib/utils.js:96:12)
    at executeCommands (/var/www/html/Tebse/tebse-nodeapi/node_modules/mongodb/lib/bulk/ordered.js:405:12)
    at Object.resultHandler [as cb] (/var/www/html/Tebse/tebse-nodeapi/node_modules/mongodb/lib/bulk/ordered.js:433:5)
    at /var/www/html/Tebse/tebse-nodeapi/node_modules/mongodb-core/lib/connection/pool.js:446:18
    at authenticateStragglers (/var/www/html/Tebse/tebse-nodeapi/node_modules/mongodb-core/lib/connection/pool.js:402:16)
    at .messageHandler (/var/www/html/Tebse/tebse-nodeapi/node_modules/mongodb-core/lib/connection/pool.js:424:5)
/var/www/html/Tebse/tebse-nodeapi/node_modules/mongodb/lib/utils.js:98
    process.nextTick(function() { throw err; });
                                  ^

Error: Argument passed in must be a single String of 12 bytes or a string of 24 hex characters
    at new ObjectID (/var/www/html/Tebse/tebse-nodeapi/node_modules/bson/lib/bson/objectid.js:34:11)
    at /var/www/html/Tebse/tebse-nodeapi/controllers/order.js:172:39
    at /var/www/html/Tebse/tebse-nodeapi/node_modules/mongodb/lib/collection.js:511:5
    at /var/www/html/Tebse/tebse-nodeapi/node_modules/mongodb/lib/collection.js:694:5
    at handleCallback (/var/www/html/Tebse/tebse-nodeapi/node_modules/mongodb/lib/utils.js:96:12)
    at executeCommands (/var/www/html/Tebse/tebse-nodeapi/node_modules/mongodb/lib/bulk/ordered.js:405:12)
    at Object.resultHandler [as cb] (/var/www/html/Tebse/tebse-nodeapi/node_modules/mongodb/lib/bulk/ordered.js:433:5)
    at /var/www/html/Tebse/tebse-nodeapi/node_modules/mongodb-core/lib/connection/pool.js:446:18
    at authenticateStragglers (/var/www/html/Tebse/tebse-nodeapi/node_modules/mongodb-core/lib/connection/pool.js:402:16)
    at .messageHandler (/var/www/html/Tebse/tebse-nodeapi/node_modules/mongodb-core/lib/connection/pool.js:424:5)
/var/www/html/Tebse/tebse-nodeapi/node_modules/mongodb/lib/utils.js:98
    process.nextTick(function() { throw err; });
                                  ^

Error: Argument passed in must be a single String of 12 bytes or a string of 24 hex characters
    at new ObjectID (/var/www/html/Tebse/tebse-nodeapi/node_modules/bson/lib/bson/objectid.js:34:11)
    at /var/www/html/Tebse/tebse-nodeapi/controllers/order.js:172:39
    at /var/www/html/Tebse/tebse-nodeapi/node_modules/mongodb/lib/collection.js:511:5
    at /var/www/html/Tebse/tebse-nodeapi/node_modules/mongodb/lib/collection.js:694:5
    at handleCallback (/var/www/html/Tebse/tebse-nodeapi/node_modules/mongodb/lib/utils.js:96:12)
    at executeCommands (/var/www/html/Tebse/tebse-nodeapi/node_modules/mongodb/lib/bulk/ordered.js:405:12)
    at Object.resultHandler [as cb] (/var/www/html/Tebse/tebse-nodeapi/node_modules/mongodb/lib/bulk/ordered.js:433:5)
    at /var/www/html/Tebse/tebse-nodeapi/node_modules/mongodb-core/lib/connection/pool.js:446:18
    at authenticateStragglers (/var/www/html/Tebse/tebse-nodeapi/node_modules/mongodb-core/lib/connection/pool.js:402:16)
    at .messageHandler (/var/www/html/Tebse/tebse-nodeapi/node_modules/mongodb-core/lib/connection/pool.js:424:5)
/var/www/html/Tebse/tebse-nodeapi/node_modules/mongodb/lib/utils.js:98
    process.nextTick(function() { throw err; });
                                  ^

Error: Argument passed in must be a single String of 12 bytes or a string of 24 hex characters
    at new ObjectID (/var/www/html/Tebse/tebse-nodeapi/node_modules/bson/lib/bson/objectid.js:34:11)
    at /var/www/html/Tebse/tebse-nodeapi/controllers/order.js:172:39
    at /var/www/html/Tebse/tebse-nodeapi/node_modules/mongodb/lib/collection.js:511:5
    at /var/www/html/Tebse/tebse-nodeapi/node_modules/mongodb/lib/collection.js:694:5
    at handleCallback (/var/www/html/Tebse/tebse-nodeapi/node_modules/mongodb/lib/utils.js:96:12)
    at executeCommands (/var/www/html/Tebse/tebse-nodeapi/node_modules/mongodb/lib/bulk/ordered.js:405:12)
    at Object.resultHandler [as cb] (/var/www/html/Tebse/tebse-nodeapi/node_modules/mongodb/lib/bulk/ordered.js:433:5)
    at /var/www/html/Tebse/tebse-nodeapi/node_modules/mongodb-core/lib/connection/pool.js:446:18
    at authenticateStragglers (/var/www/html/Tebse/tebse-nodeapi/node_modules/mongodb-core/lib/connection/pool.js:402:16)
    at .messageHandler (/var/www/html/Tebse/tebse-nodeapi/node_modules/mongodb-core/lib/connection/pool.js:424:5)
/var/www/html/Tebse/tebse-nodeapi/node_modules/mongodb/lib/utils.js:98
    process.nextTick(function() { throw err; });
                                  ^

Error: Argument passed in must be a single String of 12 bytes or a string of 24 hex characters
    at new ObjectID (/var/www/html/Tebse/tebse-nodeapi/node_modules/bson/lib/bson/objectid.js:34:11)
    at /var/www/html/Tebse/tebse-nodeapi/controllers/order.js:172:39
    at /var/www/html/Tebse/tebse-nodeapi/node_modules/mongodb/lib/collection.js:511:5
    at /var/www/html/Tebse/tebse-nodeapi/node_modules/mongodb/lib/collection.js:694:5
    at handleCallback (/var/www/html/Tebse/tebse-nodeapi/node_modules/mongodb/lib/utils.js:96:12)
    at executeCommands (/var/www/html/Tebse/tebse-nodeapi/node_modules/mongodb/lib/bulk/ordered.js:405:12)
    at Object.resultHandler [as cb] (/var/www/html/Tebse/tebse-nodeapi/node_modules/mongodb/lib/bulk/ordered.js:433:5)
    at /var/www/html/Tebse/tebse-nodeapi/node_modules/mongodb-core/lib/connection/pool.js:446:18
    at authenticateStragglers (/var/www/html/Tebse/tebse-nodeapi/node_modules/mongodb-core/lib/connection/pool.js:402:16)
    at .messageHandler (/var/www/html/Tebse/tebse-nodeapi/node_modules/mongodb-core/lib/connection/pool.js:424:5)
/var/www/html/Tebse/tebse-nodeapi/node_modules/mongodb/lib/utils.js:98
    process.nextTick(function() { throw err; });
                                  ^

Error: Argument passed in must be a single String of 12 bytes or a string of 24 hex characters
    at new ObjectID (/var/www/html/Tebse/tebse-nodeapi/node_modules/bson/lib/bson/objectid.js:34:11)
    at /var/www/html/Tebse/tebse-nodeapi/controllers/order.js:172:39
    at /var/www/html/Tebse/tebse-nodeapi/node_modules/mongodb/lib/collection.js:511:5
    at /var/www/html/Tebse/tebse-nodeapi/node_modules/mongodb/lib/collection.js:694:5
    at handleCallback (/var/www/html/Tebse/tebse-nodeapi/node_modules/mongodb/lib/utils.js:96:12)
    at executeCommands (/var/www/html/Tebse/tebse-nodeapi/node_modules/mongodb/lib/bulk/ordered.js:405:12)
    at Object.resultHandler [as cb] (/var/www/html/Tebse/tebse-nodeapi/node_modules/mongodb/lib/bulk/ordered.js:433:5)
    at /var/www/html/Tebse/tebse-nodeapi/node_modules/mongodb-core/lib/connection/pool.js:446:18
    at authenticateStragglers (/var/www/html/Tebse/tebse-nodeapi/node_modules/mongodb-core/lib/connection/pool.js:402:16)
    at .messageHandler (/var/www/html/Tebse/tebse-nodeapi/node_modules/mongodb-core/lib/connection/pool.js:424:5)
/var/www/html/Tebse/tebse-nodeapi/node_modules/mongodb/lib/utils.js:98
    process.nextTick(function() { throw err; });
                                  ^

Error: Argument passed in must be a single String of 12 bytes or a string of 24 hex characters
    at new ObjectID (/var/www/html/Tebse/tebse-nodeapi/node_modules/bson/lib/bson/objectid.js:34:11)
    at /var/www/html/Tebse/tebse-nodeapi/controllers/order.js:172:39
    at /var/www/html/Tebse/tebse-nodeapi/node_modules/mongodb/lib/collection.js:511:5
    at /var/www/html/Tebse/tebse-nodeapi/node_modules/mongodb/lib/collection.js:694:5
    at handleCallback (/var/www/html/Tebse/tebse-nodeapi/node_modules/mongodb/lib/utils.js:96:12)
    at executeCommands (/var/www/html/Tebse/tebse-nodeapi/node_modules/mongodb/lib/bulk/ordered.js:405:12)
    at Object.resultHandler [as cb] (/var/www/html/Tebse/tebse-nodeapi/node_modules/mongodb/lib/bulk/ordered.js:433:5)
    at /var/www/html/Tebse/tebse-nodeapi/node_modules/mongodb-core/lib/connection/pool.js:446:18
    at authenticateStragglers (/var/www/html/Tebse/tebse-nodeapi/node_modules/mongodb-core/lib/connection/pool.js:402:16)
    at .messageHandler (/var/www/html/Tebse/tebse-nodeapi/node_modules/mongodb-core/lib/connection/pool.js:424:5)
/var/www/html/Tebse/tebse-nodeapi/node_modules/mongodb/lib/utils.js:98
    process.nextTick(function() { throw err; });
                                  ^

Error: Argument passed in must be a single String of 12 bytes or a string of 24 hex characters
    at new ObjectID (/var/www/html/Tebse/tebse-nodeapi/node_modules/bson/lib/bson/objectid.js:34:11)
    at /var/www/html/Tebse/tebse-nodeapi/controllers/order.js:172:39
    at /var/www/html/Tebse/tebse-nodeapi/node_modules/mongodb/lib/collection.js:511:5
    at /var/www/html/Tebse/tebse-nodeapi/node_modules/mongodb/lib/collection.js:694:5
    at handleCallback (/var/www/html/Tebse/tebse-nodeapi/node_modules/mongodb/lib/utils.js:96:12)
    at executeCommands (/var/www/html/Tebse/tebse-nodeapi/node_modules/mongodb/lib/bulk/ordered.js:405:12)
    at Object.resultHandler [as cb] (/var/www/html/Tebse/tebse-nodeapi/node_modules/mongodb/lib/bulk/ordered.js:433:5)
    at /var/www/html/Tebse/tebse-nodeapi/node_modules/mongodb-core/lib/connection/pool.js:446:18
    at authenticateStragglers (/var/www/html/Tebse/tebse-nodeapi/node_modules/mongodb-core/lib/connection/pool.js:402:16)
    at .messageHandler (/var/www/html/Tebse/tebse-nodeapi/node_modules/mongodb-core/lib/connection/pool.js:424:5)
/var/www/html/Tebse/tebse-nodeapi/node_modules/mongodb/lib/utils.js:98
    process.nextTick(function() { throw err; });
                                  ^

Error: Argument passed in must be a single String of 12 bytes or a string of 24 hex characters
    at new ObjectID (/var/www/html/Tebse/tebse-nodeapi/node_modules/bson/lib/bson/objectid.js:34:11)
    at /var/www/html/Tebse/tebse-nodeapi/controllers/order.js:172:39
    at /var/www/html/Tebse/tebse-nodeapi/node_modules/mongodb/lib/collection.js:511:5
    at /var/www/html/Tebse/tebse-nodeapi/node_modules/mongodb/lib/collection.js:694:5
    at handleCallback (/var/www/html/Tebse/tebse-nodeapi/node_modules/mongodb/lib/utils.js:96:12)
    at executeCommands (/var/www/html/Tebse/tebse-nodeapi/node_modules/mongodb/lib/bulk/ordered.js:405:12)
    at Object.resultHandler [as cb] (/var/www/html/Tebse/tebse-nodeapi/node_modules/mongodb/lib/bulk/ordered.js:433:5)
    at /var/www/html/Tebse/tebse-nodeapi/node_modules/mongodb-core/lib/connection/pool.js:446:18
    at authenticateStragglers (/var/www/html/Tebse/tebse-nodeapi/node_modules/mongodb-core/lib/connection/pool.js:402:16)
    at .messageHandler (/var/www/html/Tebse/tebse-nodeapi/node_modules/mongodb-core/lib/connection/pool.js:424:5)
/var/www/html/Tebse/tebse-nodeapi/node_modules/mongodb/lib/utils.js:98
    process.nextTick(function() { throw err; });
                                  ^

Error: Argument passed in must be a single String of 12 bytes or a string of 24 hex characters
    at new ObjectID (/var/www/html/Tebse/tebse-nodeapi/node_modules/bson/lib/bson/objectid.js:34:11)
    at /var/www/html/Tebse/tebse-nodeapi/controllers/order.js:172:39
    at /var/www/html/Tebse/tebse-nodeapi/node_modules/mongodb/lib/collection.js:511:5
    at /var/www/html/Tebse/tebse-nodeapi/node_modules/mongodb/lib/collection.js:694:5
    at handleCallback (/var/www/html/Tebse/tebse-nodeapi/node_modules/mongodb/lib/utils.js:96:12)
    at executeCommands (/var/www/html/Tebse/tebse-nodeapi/node_modules/mongodb/lib/bulk/ordered.js:405:12)
    at Object.resultHandler [as cb] (/var/www/html/Tebse/tebse-nodeapi/node_modules/mongodb/lib/bulk/ordered.js:433:5)
    at /var/www/html/Tebse/tebse-nodeapi/node_modules/mongodb-core/lib/connection/pool.js:446:18
    at authenticateStragglers (/var/www/html/Tebse/tebse-nodeapi/node_modules/mongodb-core/lib/connection/pool.js:402:16)
    at .messageHandler (/var/www/html/Tebse/tebse-nodeapi/node_modules/mongodb-core/lib/connection/pool.js:424:5)
/var/www/html/Tebse/tebse-nodeapi/node_modules/mongodb/lib/utils.js:98
    process.nextTick(function() { throw err; });
                                  ^

Error: Argument passed in must be a single String of 12 bytes or a string of 24 hex characters
    at new ObjectID (/var/www/html/Tebse/tebse-nodeapi/node_modules/bson/lib/bson/objectid.js:34:11)
    at /var/www/html/Tebse/tebse-nodeapi/controllers/order.js:172:39
    at /var/www/html/Tebse/tebse-nodeapi/node_modules/mongodb/lib/collection.js:511:5
    at /var/www/html/Tebse/tebse-nodeapi/node_modules/mongodb/lib/collection.js:694:5
    at handleCallback (/var/www/html/Tebse/tebse-nodeapi/node_modules/mongodb/lib/utils.js:96:12)
    at executeCommands (/var/www/html/Tebse/tebse-nodeapi/node_modules/mongodb/lib/bulk/ordered.js:405:12)
    at Object.resultHandler [as cb] (/var/www/html/Tebse/tebse-nodeapi/node_modules/mongodb/lib/bulk/ordered.js:433:5)
    at /var/www/html/Tebse/tebse-nodeapi/node_modules/mongodb-core/lib/connection/pool.js:446:18
    at authenticateStragglers (/var/www/html/Tebse/tebse-nodeapi/node_modules/mongodb-core/lib/connection/pool.js:402:16)
    at .messageHandler (/var/www/html/Tebse/tebse-nodeapi/node_modules/mongodb-core/lib/connection/pool.js:424:5)
/var/www/html/Tebse/tebse-nodeapi/node_modules/mongodb/lib/utils.js:98
    process.nextTick(function() { throw err; });
                                  ^

Error: Argument passed in must be a single String of 12 bytes or a string of 24 hex characters
    at new ObjectID (/var/www/html/Tebse/tebse-nodeapi/node_modules/bson/lib/bson/objectid.js:34:11)
    at /var/www/html/Tebse/tebse-nodeapi/controllers/order.js:172:39
    at /var/www/html/Tebse/tebse-nodeapi/node_modules/mongodb/lib/collection.js:511:5
    at /var/www/html/Tebse/tebse-nodeapi/node_modules/mongodb/lib/collection.js:694:5
    at handleCallback (/var/www/html/Tebse/tebse-nodeapi/node_modules/mongodb/lib/utils.js:96:12)
    at executeCommands (/var/www/html/Tebse/tebse-nodeapi/node_modules/mongodb/lib/bulk/ordered.js:405:12)
    at Object.resultHandler [as cb] (/var/www/html/Tebse/tebse-nodeapi/node_modules/mongodb/lib/bulk/ordered.js:433:5)
    at /var/www/html/Tebse/tebse-nodeapi/node_modules/mongodb-core/lib/connection/pool.js:446:18
    at authenticateStragglers (/var/www/html/Tebse/tebse-nodeapi/node_modules/mongodb-core/lib/connection/pool.js:402:16)
    at .messageHandler (/var/www/html/Tebse/tebse-nodeapi/node_modules/mongodb-core/lib/connection/pool.js:424:5)
/var/www/html/Tebse/tebse-nodeapi/node_modules/mongodb/lib/utils.js:98
    process.nextTick(function() { throw err; });
                                  ^

Error: Argument passed in must be a single String of 12 bytes or a string of 24 hex characters
    at new ObjectID (/var/www/html/Tebse/tebse-nodeapi/node_modules/bson/lib/bson/objectid.js:34:11)
    at /var/www/html/Tebse/tebse-nodeapi/controllers/order.js:172:39
    at /var/www/html/Tebse/tebse-nodeapi/node_modules/mongodb/lib/collection.js:511:5
    at /var/www/html/Tebse/tebse-nodeapi/node_modules/mongodb/lib/collection.js:694:5
    at handleCallback (/var/www/html/Tebse/tebse-nodeapi/node_modules/mongodb/lib/utils.js:96:12)
    at executeCommands (/var/www/html/Tebse/tebse-nodeapi/node_modules/mongodb/lib/bulk/ordered.js:405:12)
    at Object.resultHandler [as cb] (/var/www/html/Tebse/tebse-nodeapi/node_modules/mongodb/lib/bulk/ordered.js:433:5)
    at /var/www/html/Tebse/tebse-nodeapi/node_modules/mongodb-core/lib/connection/pool.js:446:18
    at authenticateStragglers (/var/www/html/Tebse/tebse-nodeapi/node_modules/mongodb-core/lib/connection/pool.js:402:16)
    at .messageHandler (/var/www/html/Tebse/tebse-nodeapi/node_modules/mongodb-core/lib/connection/pool.js:424:5)
/var/www/html/Tebse/tebse-nodeapi/node_modules/mongodb/lib/utils.js:98
    process.nextTick(function() { throw err; });
                                  ^

Error: Argument passed in must be a single String of 12 bytes or a string of 24 hex characters
    at new ObjectID (/var/www/html/Tebse/tebse-nodeapi/node_modules/bson/lib/bson/objectid.js:34:11)
    at /var/www/html/Tebse/tebse-nodeapi/controllers/order.js:172:39
    at /var/www/html/Tebse/tebse-nodeapi/node_modules/mongodb/lib/collection.js:511:5
    at /var/www/html/Tebse/tebse-nodeapi/node_modules/mongodb/lib/collection.js:694:5
    at handleCallback (/var/www/html/Tebse/tebse-nodeapi/node_modules/mongodb/lib/utils.js:96:12)
    at executeCommands (/var/www/html/Tebse/tebse-nodeapi/node_modules/mongodb/lib/bulk/ordered.js:405:12)
    at Object.resultHandler [as cb] (/var/www/html/Tebse/tebse-nodeapi/node_modules/mongodb/lib/bulk/ordered.js:433:5)
    at /var/www/html/Tebse/tebse-nodeapi/node_modules/mongodb-core/lib/connection/pool.js:446:18
    at authenticateStragglers (/var/www/html/Tebse/tebse-nodeapi/node_modules/mongodb-core/lib/connection/pool.js:402:16)
    at .messageHandler (/var/www/html/Tebse/tebse-nodeapi/node_modules/mongodb-core/lib/connection/pool.js:424:5)
/var/www/html/Tebse/tebse-nodeapi/node_modules/mongodb/lib/utils.js:98
    process.nextTick(function() { throw err; });
                                  ^

Error: Argument passed in must be a single String of 12 bytes or a string of 24 hex characters
    at new ObjectID (/var/www/html/Tebse/tebse-nodeapi/node_modules/bson/lib/bson/objectid.js:34:11)
    at /var/www/html/Tebse/tebse-nodeapi/controllers/order.js:172:39
    at /var/www/html/Tebse/tebse-nodeapi/node_modules/mongodb/lib/collection.js:511:5
    at /var/www/html/Tebse/tebse-nodeapi/node_modules/mongodb/lib/collection.js:694:5
    at handleCallback (/var/www/html/Tebse/tebse-nodeapi/node_modules/mongodb/lib/utils.js:96:12)
    at executeCommands (/var/www/html/Tebse/tebse-nodeapi/node_modules/mongodb/lib/bulk/ordered.js:405:12)
    at Object.resultHandler [as cb] (/var/www/html/Tebse/tebse-nodeapi/node_modules/mongodb/lib/bulk/ordered.js:433:5)
    at /var/www/html/Tebse/tebse-nodeapi/node_modules/mongodb-core/lib/connection/pool.js:446:18
    at authenticateStragglers (/var/www/html/Tebse/tebse-nodeapi/node_modules/mongodb-core/lib/connection/pool.js:402:16)
    at .messageHandler (/var/www/html/Tebse/tebse-nodeapi/node_modules/mongodb-core/lib/connection/pool.js:424:5)
/var/www/html/Tebse/tebse-nodeapi/node_modules/mongodb/lib/utils.js:98
    process.nextTick(function() { throw err; });
                                  ^

Error: Argument passed in must be a single String of 12 bytes or a string of 24 hex characters
    at new ObjectID (/var/www/html/Tebse/tebse-nodeapi/node_modules/bson/lib/bson/objectid.js:34:11)
    at /var/www/html/Tebse/tebse-nodeapi/controllers/order.js:172:39
    at /var/www/html/Tebse/tebse-nodeapi/node_modules/mongodb/lib/collection.js:511:5
    at /var/www/html/Tebse/tebse-nodeapi/node_modules/mongodb/lib/collection.js:694:5
    at handleCallback (/var/www/html/Tebse/tebse-nodeapi/node_modules/mongodb/lib/utils.js:96:12)
    at executeCommands (/var/www/html/Tebse/tebse-nodeapi/node_modules/mongodb/lib/bulk/ordered.js:405:12)
    at Object.resultHandler [as cb] (/var/www/html/Tebse/tebse-nodeapi/node_modules/mongodb/lib/bulk/ordered.js:433:5)
    at /var/www/html/Tebse/tebse-nodeapi/node_modules/mongodb-core/lib/connection/pool.js:446:18
    at authenticateStragglers (/var/www/html/Tebse/tebse-nodeapi/node_modules/mongodb-core/lib/connection/pool.js:402:16)
    at .messageHandler (/var/www/html/Tebse/tebse-nodeapi/node_modules/mongodb-core/lib/connection/pool.js:424:5)
/var/www/html/Tebse/tebse-nodeapi/node_modules/mongodb/lib/utils.js:98
    process.nextTick(function() { throw err; });
                                  ^

Error: Argument passed in must be a single String of 12 bytes or a string of 24 hex characters
    at new ObjectID (/var/www/html/Tebse/tebse-nodeapi/node_modules/bson/lib/bson/objectid.js:34:11)
    at /var/www/html/Tebse/tebse-nodeapi/controllers/order.js:172:39
    at /var/www/html/Tebse/tebse-nodeapi/node_modules/mongodb/lib/collection.js:511:5
    at /var/www/html/Tebse/tebse-nodeapi/node_modules/mongodb/lib/collection.js:694:5
    at handleCallback (/var/www/html/Tebse/tebse-nodeapi/node_modules/mongodb/lib/utils.js:96:12)
    at executeCommands (/var/www/html/Tebse/tebse-nodeapi/node_modules/mongodb/lib/bulk/ordered.js:405:12)
    at Object.resultHandler [as cb] (/var/www/html/Tebse/tebse-nodeapi/node_modules/mongodb/lib/bulk/ordered.js:433:5)
    at /var/www/html/Tebse/tebse-nodeapi/node_modules/mongodb-core/lib/connection/pool.js:446:18
    at authenticateStragglers (/var/www/html/Tebse/tebse-nodeapi/node_modules/mongodb-core/lib/connection/pool.js:402:16)
    at .messageHandler (/var/www/html/Tebse/tebse-nodeapi/node_modules/mongodb-core/lib/connection/pool.js:424:5)
/var/www/html/Tebse/tebse-nodeapi/node_modules/mongodb/lib/utils.js:98
    process.nextTick(function() { throw err; });
                                  ^

Error: Argument passed in must be a single String of 12 bytes or a string of 24 hex characters
    at new ObjectID (/var/www/html/Tebse/tebse-nodeapi/node_modules/bson/lib/bson/objectid.js:34:11)
    at /var/www/html/Tebse/tebse-nodeapi/controllers/order.js:172:39
    at /var/www/html/Tebse/tebse-nodeapi/node_modules/mongodb/lib/collection.js:511:5
    at /var/www/html/Tebse/tebse-nodeapi/node_modules/mongodb/lib/collection.js:694:5
    at handleCallback (/var/www/html/Tebse/tebse-nodeapi/node_modules/mongodb/lib/utils.js:96:12)
    at executeCommands (/var/www/html/Tebse/tebse-nodeapi/node_modules/mongodb/lib/bulk/ordered.js:405:12)
    at Object.resultHandler [as cb] (/var/www/html/Tebse/tebse-nodeapi/node_modules/mongodb/lib/bulk/ordered.js:433:5)
    at /var/www/html/Tebse/tebse-nodeapi/node_modules/mongodb-core/lib/connection/pool.js:446:18
    at authenticateStragglers (/var/www/html/Tebse/tebse-nodeapi/node_modules/mongodb-core/lib/connection/pool.js:402:16)
    at .messageHandler (/var/www/html/Tebse/tebse-nodeapi/node_modules/mongodb-core/lib/connection/pool.js:424:5)
/var/www/html/Tebse/tebse-nodeapi/node_modules/mongodb/lib/utils.js:98
    process.nextTick(function() { throw err; });
                                  ^

Error: Argument passed in must be a single String of 12 bytes or a string of 24 hex characters
    at new ObjectID (/var/www/html/Tebse/tebse-nodeapi/node_modules/bson/lib/bson/objectid.js:34:11)
    at /var/www/html/Tebse/tebse-nodeapi/controllers/order.js:172:39
    at /var/www/html/Tebse/tebse-nodeapi/node_modules/mongodb/lib/collection.js:511:5
    at /var/www/html/Tebse/tebse-nodeapi/node_modules/mongodb/lib/collection.js:694:5
    at handleCallback (/var/www/html/Tebse/tebse-nodeapi/node_modules/mongodb/lib/utils.js:96:12)
    at executeCommands (/var/www/html/Tebse/tebse-nodeapi/node_modules/mongodb/lib/bulk/ordered.js:405:12)
    at Object.resultHandler [as cb] (/var/www/html/Tebse/tebse-nodeapi/node_modules/mongodb/lib/bulk/ordered.js:433:5)
    at /var/www/html/Tebse/tebse-nodeapi/node_modules/mongodb-core/lib/connection/pool.js:446:18
    at authenticateStragglers (/var/www/html/Tebse/tebse-nodeapi/node_modules/mongodb-core/lib/connection/pool.js:402:16)
    at .messageHandler (/var/www/html/Tebse/tebse-nodeapi/node_modules/mongodb-core/lib/connection/pool.js:424:5)
/var/www/html/Tebse/tebse-nodeapi/node_modules/mongodb/lib/utils.js:98
    process.nextTick(function() { throw err; });
                                  ^

Error: Argument passed in must be a single String of 12 bytes or a string of 24 hex characters
    at new ObjectID (/var/www/html/Tebse/tebse-nodeapi/node_modules/bson/lib/bson/objectid.js:34:11)
    at /var/www/html/Tebse/tebse-nodeapi/controllers/order.js:172:39
    at /var/www/html/Tebse/tebse-nodeapi/node_modules/mongodb/lib/collection.js:511:5
    at /var/www/html/Tebse/tebse-nodeapi/node_modules/mongodb/lib/collection.js:694:5
    at handleCallback (/var/www/html/Tebse/tebse-nodeapi/node_modules/mongodb/lib/utils.js:96:12)
    at executeCommands (/var/www/html/Tebse/tebse-nodeapi/node_modules/mongodb/lib/bulk/ordered.js:405:12)
    at Object.resultHandler [as cb] (/var/www/html/Tebse/tebse-nodeapi/node_modules/mongodb/lib/bulk/ordered.js:433:5)
    at /var/www/html/Tebse/tebse-nodeapi/node_modules/mongodb-core/lib/connection/pool.js:446:18
    at authenticateStragglers (/var/www/html/Tebse/tebse-nodeapi/node_modules/mongodb-core/lib/connection/pool.js:402:16)
    at .messageHandler (/var/www/html/Tebse/tebse-nodeapi/node_modules/mongodb-core/lib/connection/pool.js:424:5)
/var/www/html/Tebse/tebse-nodeapi/node_modules/mongodb/lib/utils.js:98
    process.nextTick(function() { throw err; });
                                  ^

Error: Argument passed in must be a single String of 12 bytes or a string of 24 hex characters
    at new ObjectID (/var/www/html/Tebse/tebse-nodeapi/node_modules/bson/lib/bson/objectid.js:34:11)
    at /var/www/html/Tebse/tebse-nodeapi/controllers/order.js:172:39
    at /var/www/html/Tebse/tebse-nodeapi/node_modules/mongodb/lib/collection.js:511:5
    at /var/www/html/Tebse/tebse-nodeapi/node_modules/mongodb/lib/collection.js:694:5
    at handleCallback (/var/www/html/Tebse/tebse-nodeapi/node_modules/mongodb/lib/utils.js:96:12)
    at executeCommands (/var/www/html/Tebse/tebse-nodeapi/node_modules/mongodb/lib/bulk/ordered.js:405:12)
    at Object.resultHandler [as cb] (/var/www/html/Tebse/tebse-nodeapi/node_modules/mongodb/lib/bulk/ordered.js:433:5)
    at /var/www/html/Tebse/tebse-nodeapi/node_modules/mongodb-core/lib/connection/pool.js:446:18
    at authenticateStragglers (/var/www/html/Tebse/tebse-nodeapi/node_modules/mongodb-core/lib/connection/pool.js:402:16)
    at .messageHandler (/var/www/html/Tebse/tebse-nodeapi/node_modules/mongodb-core/lib/connection/pool.js:424:5)
/var/www/html/Tebse/tebse-nodeapi/node_modules/mongodb/lib/utils.js:98
    process.nextTick(function() { throw err; });
                                  ^

Error: Argument passed in must be a single String of 12 bytes or a string of 24 hex characters
    at new ObjectID (/var/www/html/Tebse/tebse-nodeapi/node_modules/bson/lib/bson/objectid.js:34:11)
    at /var/www/html/Tebse/tebse-nodeapi/controllers/order.js:172:39
    at /var/www/html/Tebse/tebse-nodeapi/node_modules/mongodb/lib/collection.js:511:5
    at /var/www/html/Tebse/tebse-nodeapi/node_modules/mongodb/lib/collection.js:694:5
    at handleCallback (/var/www/html/Tebse/tebse-nodeapi/node_modules/mongodb/lib/utils.js:96:12)
    at executeCommands (/var/www/html/Tebse/tebse-nodeapi/node_modules/mongodb/lib/bulk/ordered.js:405:12)
    at Object.resultHandler [as cb] (/var/www/html/Tebse/tebse-nodeapi/node_modules/mongodb/lib/bulk/ordered.js:433:5)
    at /var/www/html/Tebse/tebse-nodeapi/node_modules/mongodb-core/lib/connection/pool.js:446:18
    at authenticateStragglers (/var/www/html/Tebse/tebse-nodeapi/node_modules/mongodb-core/lib/connection/pool.js:402:16)
    at .messageHandler (/var/www/html/Tebse/tebse-nodeapi/node_modules/mongodb-core/lib/connection/pool.js:424:5)
